  khachhang.c
C:\KaraokeManager\KaraokeManager\khachhang.c(9,15): warning C4267: 'initializing': conversion from 'size_t' to 'int', possible loss of data
  main.c
C:\KaraokeManager\KaraokeManager\main.c(70,20): warning C4566: character represented by universal-character-name '\u274C' cannot be represented in the current code page (1252)
C:\KaraokeManager\KaraokeManager\main.c(88,16): warning C4566: character represented by universal-character-name '\u2705' cannot be represented in the current code page (1252)
C:\KaraokeManager\KaraokeManager\main.c(162,24): warning C4566: character represented by universal-character-name '\u274C' cannot be represented in the current code page (1252)
C:\KaraokeManager\KaraokeManager\main.c(190,24): warning C4566: character represented by universal-character-name '\u2705' cannot be represented in the current code page (1252)
C:\KaraokeManager\KaraokeManager\main.c(193,24): warning C4566: character represented by universal-character-name '\u274C' cannot be represented in the current code page (1252)
C:\KaraokeManager\KaraokeManager\main.c(201,24): warning C4566: character represented by universal-character-name '\u26A0' cannot be represented in the current code page (1252)
C:\KaraokeManager\KaraokeManager\main.c(201,24): warning C4566: character represented by universal-character-name '\uFE0F' cannot be represented in the current code page (1252)
C:\KaraokeManager\KaraokeManager\main.c(215,24): warning C4566: character represented by universal-character-name '\u2705' cannot be represented in the current code page (1252)
C:\KaraokeManager\KaraokeManager\main.c(219,24): warning C4566: character represented by universal-character-name '\u274C' cannot be represented in the current code page (1252)
C:\KaraokeManager\KaraokeManager\main.c(247,28): warning C4566: character represented by universal-character-name '\u2705' cannot be represented in the current code page (1252)
C:\KaraokeManager\KaraokeManager\main.c(251,24): warning C4566: character represented by universal-character-name '\u274C' cannot be represented in the current code page (1252)
C:\KaraokeManager\KaraokeManager\main.c(274,32): warning C4566: character represented by universal-character-name '\u2705' cannot be represented in the current code page (1252)
C:\KaraokeManager\KaraokeManager\main.c(278,28): warning C4566: character represented by universal-character-name '\u26A0' cannot be represented in the current code page (1252)
C:\KaraokeManager\KaraokeManager\main.c(278,28): warning C4566: character represented by universal-character-name '\uFE0F' cannot be represented in the current code page (1252)
C:\KaraokeManager\KaraokeManager\main.c(282,24): warning C4566: character represented by universal-character-name '\u274C' cannot be represented in the current code page (1252)
C:\KaraokeManager\KaraokeManager\main.c(326,24): warning C4566: character represented by universal-character-name '\u274C' cannot be represented in the current code page (1252)
C:\KaraokeManager\KaraokeManager\main.c(345,24): warning C4566: character represented by universal-character-name '\u2705' cannot be represented in the current code page (1252)
C:\KaraokeManager\KaraokeManager\main.c(353,24): warning C4566: character represented by universal-character-name '\u26A0' cannot be represented in the current code page (1252)
C:\KaraokeManager\KaraokeManager\main.c(353,24): warning C4566: character represented by universal-character-name '\uFE0F' cannot be represented in the current code page (1252)
C:\KaraokeManager\KaraokeManager\main.c(367,24): warning C4566: character represented by universal-character-name '\u2705' cannot be represented in the current code page (1252)
C:\KaraokeManager\KaraokeManager\main.c(371,24): warning C4566: character represented by universal-character-name '\u274C' cannot be represented in the current code page (1252)
C:\KaraokeManager\KaraokeManager\main.c(397,28): warning C4566: character represented by universal-character-name '\u2705' cannot be represented in the current code page (1252)
C:\KaraokeManager\KaraokeManager\main.c(401,24): warning C4566: character represented by universal-character-name '\u274C' cannot be represented in the current code page (1252)
C:\KaraokeManager\KaraokeManager\main.c(424,32): warning C4566: character represented by universal-character-name '\u2705' cannot be represented in the current code page (1252)
C:\KaraokeManager\KaraokeManager\main.c(428,28): warning C4566: character represented by universal-character-name '\u26A0' cannot be represented in the current code page (1252)
C:\KaraokeManager\KaraokeManager\main.c(428,28): warning C4566: character represented by universal-character-name '\uFE0F' cannot be represented in the current code page (1252)
C:\KaraokeManager\KaraokeManager\main.c(432,24): warning C4566: character represented by universal-character-name '\u274C' cannot be represented in the current code page (1252)
C:\KaraokeManager\KaraokeManager\main.c(469,24): warning C4566: character represented by universal-character-name '\u274C' cannot be represented in the current code page (1252)
C:\KaraokeManager\KaraokeManager\main.c(488,24): warning C4566: character represented by universal-character-name '\u2705' cannot be represented in the current code page (1252)
C:\KaraokeManager\KaraokeManager\main.c(496,24): warning C4566: character represented by universal-character-name '\u26A0' cannot be represented in the current code page (1252)
C:\KaraokeManager\KaraokeManager\main.c(496,24): warning C4566: character represented by universal-character-name '\uFE0F' cannot be represented in the current code page (1252)
C:\KaraokeManager\KaraokeManager\main.c(510,24): warning C4566: character represented by universal-character-name '\u2705' cannot be represented in the current code page (1252)
C:\KaraokeManager\KaraokeManager\main.c(514,24): warning C4566: character represented by universal-character-name '\u274C' cannot be represented in the current code page (1252)
C:\KaraokeManager\KaraokeManager\main.c(540,28): warning C4566: character represented by universal-character-name '\u2705' cannot be represented in the current code page (1252)
C:\KaraokeManager\KaraokeManager\main.c(544,24): warning C4566: character represented by universal-character-name '\u274C' cannot be represented in the current code page (1252)
C:\KaraokeManager\KaraokeManager\main.c(567,32): warning C4566: character represented by universal-character-name '\u2705' cannot be represented in the current code page (1252)
C:\KaraokeManager\KaraokeManager\main.c(571,28): warning C4566: character represented by universal-character-name '\u26A0' cannot be represented in the current code page (1252)
C:\KaraokeManager\KaraokeManager\main.c(571,28): warning C4566: character represented by universal-character-name '\uFE0F' cannot be represented in the current code page (1252)
C:\KaraokeManager\KaraokeManager\main.c(575,24): warning C4566: character represented by universal-character-name '\u274C' cannot be represented in the current code page (1252)
C:\KaraokeManager\KaraokeManager\main.c(614,24): warning C4566: character represented by universal-character-name '\u274C' cannot be represented in the current code page (1252)
C:\KaraokeManager\KaraokeManager\main.c(622,24): warning C4566: character represented by universal-character-name '\u274C' cannot be represented in the current code page (1252)
C:\KaraokeManager\KaraokeManager\main.c(631,24): warning C4566: character represented by universal-character-name '\u274C' cannot be represented in the current code page (1252)
C:\KaraokeManager\KaraokeManager\main.c(670,24): warning C4566: character represented by universal-character-name '\u2705' cannot be represented in the current code page (1252)
C:\KaraokeManager\KaraokeManager\main.c(696,24): warning C4566: character represented by universal-character-name '\u26A0' cannot be represented in the current code page (1252)
C:\KaraokeManager\KaraokeManager\main.c(696,24): warning C4566: character represented by universal-character-name '\uFE0F' cannot be represented in the current code page (1252)
C:\KaraokeManager\KaraokeManager\main.c(710,24): warning C4566: character represented by universal-character-name '\u2705' cannot be represented in the current code page (1252)
C:\KaraokeManager\KaraokeManager\main.c(716,24): warning C4566: character represented by universal-character-name '\u274C' cannot be represented in the current code page (1252)
C:\KaraokeManager\KaraokeManager\main.c(763,32): warning C4566: character represented by universal-character-name '\u2705' cannot be represented in the current code page (1252)
C:\KaraokeManager\KaraokeManager\main.c(768,24): warning C4566: character represented by universal-character-name '\u274C' cannot be represented in the current code page (1252)
C:\KaraokeManager\KaraokeManager\main.c(798,32): warning C4566: character represented by universal-character-name '\u2705' cannot be represented in the current code page (1252)
C:\KaraokeManager\KaraokeManager\main.c(802,28): warning C4566: character represented by universal-character-name '\u26A0' cannot be represented in the current code page (1252)
C:\KaraokeManager\KaraokeManager\main.c(802,28): warning C4566: character represented by universal-character-name '\uFE0F' cannot be represented in the current code page (1252)
C:\KaraokeManager\KaraokeManager\main.c(806,24): warning C4566: character represented by universal-character-name '\u274C' cannot be represented in the current code page (1252)
C:\KaraokeManager\KaraokeManager\main.c(942,12): warning C4566: character represented by universal-character-name '\u2705' cannot be represented in the current code page (1252)
C:\KaraokeManager\KaraokeManager\main.c(1009,24): warning C4566: character represented by universal-character-name '\u2705' cannot be represented in the current code page (1252)
C:\KaraokeManager\KaraokeManager\main.c(1012,24): warning C4566: character represented by universal-character-name '\u26A0' cannot be represented in the current code page (1252)
C:\KaraokeManager\KaraokeManager\main.c(1012,24): warning C4566: character represented by universal-character-name '\uFE0F' cannot be represented in the current code page (1252)
C:\KaraokeManager\KaraokeManager\main.c(1024,24): warning C4566: character represented by universal-character-name '\u2705' cannot be represented in the current code page (1252)
C:\KaraokeManager\KaraokeManager\main.c(1027,24): warning C4566: character represented by universal-character-name '\u26A0' cannot be represented in the current code page (1252)
C:\KaraokeManager\KaraokeManager\main.c(1027,24): warning C4566: character represented by universal-character-name '\uFE0F' cannot be represented in the current code page (1252)
  taofile.c
C:\KaraokeManager\KaraokeManager\taofile.c(60,11): warning C4244: 'function': conversion from 'time_t' to 'unsigned int', possible loss of data
  Generating Code...
  KaraokeManager.vcxproj -> C:\KaraokeManager\x64\Debug\KaraokeManager.exe
